[     480ms] [ERROR] Failed to load resource: the server responded with a status of 404 () @ https://www.forbes.com/30-under-30/2012/art-style:0
[     597ms] [WARNING] A preload for 'https://i.forbesimg.com/assets/fonts/Schnyder/Schnyder-SDemi-Web.woff2' is found, but is not used because the request credentials mode does not match. Consider taking a look at crossorigin attribute. @ https://www.forbes.com/30-under-30/2012/art-style:0
[     597ms] [WARNING] A preload for 'https://i.forbesimg.com/assets/fonts/Graphik/Graphik-Regular-Web.woff2' is found, but is not used because the request credentials mode does not match. Consider taking a look at crossorigin attribute. @ https://www.forbes.com/30-under-30/2012/art-style:0
[     597ms] [WARNING] A preload for 'https://i.forbesimg.com/assets/fonts/Schnyder/Schnyder-SDemi-Web.woff2' is found, but is not used because the request credentials mode does not match. Consider taking a look at crossorigin attribute. @ https://www.forbes.com/30-under-30/2012/art-style:0
[     597ms] [WARNING] A preload for 'https://i.forbesimg.com/assets/fonts/Graphik/Graphik-Regular-Web.woff2' is found, but is not used because the request credentials mode does not match. Consider taking a look at crossorigin attribute. @ https://www.forbes.com/30-under-30/2012/art-style:0
[     597ms] [WARNING] A preload for 'https://i.forbesimg.com/assets/fonts/Schnyder/Schnyder-SDemi-Web.woff2' is found, but is not used because the request credentials mode does not match. Consider taking a look at crossorigin attribute. @ https://www.forbes.com/30-under-30/2012/art-style:0
[     597ms] [WARNING] A preload for 'https://i.forbesimg.com/assets/fonts/Graphik/Graphik-Regular-Web.woff2' is found, but is not used because the request credentials mode does not match. Consider taking a look at crossorigin attribute. @ https://www.forbes.com/30-under-30/2012/art-style:0
[     597ms] [WARNING] A preload for 'https://i.forbesimg.com/assets/fonts/Graphik/Graphik-Regular-Web.woff2' is found, but is not used because the request credentials mode does not match. Consider taking a look at crossorigin attribute. @ https://www.forbes.com/30-under-30/2012/art-style:0
[     597ms] [WARNING] A preload for 'https://i.forbesimg.com/assets/fonts/Schnyder/Schnyder-SDemi-Web.woff2' is found, but is not used because the request credentials mode does not match. Consider taking a look at crossorigin attribute. @ https://www.forbes.com/30-under-30/2012/art-style:0
[     700ms] [WARNING] integral script already loaded @ https://i.forbesimg.com/simple-site/dist/js/nextJS-5778f5ddba9ad94755d1.js:1
[     783ms] [ERROR] Failed to load resource: the server responded with a status of 401 () @ https://www.forbes.com/blaize/profile:0
[     808ms] [ERROR] Failed to load resource: net::ERR_CONNECTION_RESET @ https://config.aps.amazon-adsystem.com/configs/3038:0
[     822ms] [ERROR] Failed to load resource: net::ERR_CONNECTION_RESET @ https://client.aps.amazon-adsystem.com/publisher.js:0
[     830ms] [ERROR] Failed to load resource: net::ERR_CONNECTION_RESET @ https://static.ads-twitter.com/uwt.js:0
[     832ms] [WARNING] [GPT] Using deprecated googletag.encryptedSignalProviders. Please use googletag.secureSignalProviders instead.
https://goo.gle/gpt-message#155 @ https://securepubads.g.doubleclick.net/pagead/managed/js/gpt/m202601290101/pubads_impl.js:18
[     832ms] [WARNING] [GPT] Using deprecated googletag.encryptedSignalProviders. Please use googletag.secureSignalProviders instead.
https://goo.gle/gpt-message#155 @ https://securepubads.g.doubleclick.net/pagead/managed/js/gpt/m202601290101/pubads_impl.js:18
[     832ms] [WARNING] [GPT] Using deprecated googletag.encryptedSignalProviders. Please use googletag.secureSignalProviders instead.
https://goo.gle/gpt-message#155 @ https://securepubads.g.doubleclick.net/pagead/managed/js/gpt/m202601290101/pubads_impl.js:18
[     836ms] [ERROR] Failed to load resource: net::ERR_CONNECTION_RESET @ https://pixel.quantserve.com/pixel;r=714529347;event=refresh;labels=Channel.%2CSection.%2CSpecialslot.%2CEditslot.%2CBrandvoice%20ProgramType.%2CHashtag.%2CBrandvoice.%2CAuthor..404%2CInsights.%2CDevice%20Type.DESKTOP%2CBranded%20Content.;rf=3;a=p-3bmCtEkzhulVU;url=https%3A%2F%2Fwww.forbes.com%2F30-under-30%2F2012%2Fart-style;ns=0;ce=1;qjs=1;qv=79451a68-20251229185922;ref=;dst=1;et=1770173712165;tzo=480;ogl=site_name.Forbes%2Ctitle.404%2Ctype.website%2Curl.https%3A%2F%2Fwww%252Eforbes%252Ecom%2F404-home%2F%2Cimage.%2Cimage%3Atype.image%2Fjpeg%2Cdescription.;d=forbes.com;uht=2;fpan=0;fpa=P1-ce46733f-1a9f-42ca-96fe-75daafdb3888;pbc=;_ses=76cd4eb9-00eb-4cb1-8c57-744b0620962d;_seg=1;_gacid=1045065466.1770059586;gdpr=0;mdl=:0
[     843ms] [ERROR] Failed to load resource: the server responded with a status of 401 () @ https://www.forbes.com/blaize/account:0
[     897ms] [ERROR] Failed to load resource: net::ERR_CONNECTION_RESET @ https://pixel.quantserve.com/pixel;r=438588651;event=rule;labels=Title.404;rf=0;a=p-3bmCtEkzhulVU;url=https%3A%2F%2Fwww.forbes.com%2F30-under-30%2F2012%2Fart-style;ns=0;ce=1;qjs=1;qv=79451a68-20251229185922;ref=;dst=1;et=1770173712245;tzo=480;ogl=site_name.Forbes%2Ctitle.404%2Ctype.website%2Curl.https%3A%2F%2Fwww%252Eforbes%252Ecom%2F404-home%2F%2Cimage.%2Cimage%3Atype.image%2Fjpeg%2Cdescription.;d=forbes.com;uht=2;fpan=0;fpa=P1-ce46733f-1a9f-42ca-96fe-75daafdb3888;pbc=;_ses=76cd4eb9-00eb-4cb1-8c57-744b0620962d;_seg=1;_gacid=1045065466.1770059586;gdpr=0;mdl=:0
[     911ms] [ERROR] Failed to load resource: net::ERR_CONNECTION_RESET @ https://pixel.quantserve.com/cs?a=p-3bmCtEkzhulVU&gdpr=0:0
[     921ms] [ERROR] Failed to load resource: net::ERR_CONNECTION_RESET @ https://pixel.adsafeprotected.com/services/pub?anId=930392&slot=%7Bid:ntv-home,ss:%5B1.1%5D,p:/7175/fdc.forbes/home/404,t:display%7D&wr=1200.755&sr=1512.982&sessionId=8ed22165-e316-d8fa-b310-4de425e376ca&url=https%253A%252F%252Fwww.forbes.com%252F30-under-30%252F2012%252Fart-style:0
[     996ms] [ERROR] Attestation check for Attribution Reporting on https://www.facebook.com failed. @ https://www.forbes.com/30-under-30/2012/art-style:0
[     996ms] [ERROR] Attestation check for Attribution Reporting on https://www.facebook.com failed. @ https://www.forbes.com/30-under-30/2012/art-style:0
[    1025ms] [ERROR] Failed to load resource: net::ERR_CONNECTION_RESET @ https://pixel.adsafeprotected.com/jsdiagnostic?code:pet_xe&anid:930392&sessionId:8ed22165-e316-d8fa-b310-4de425e376ca&err:undefined:0
[    1025ms] [WARNING] A preload for 'https://i.forbesimg.com/assets/fonts/Graphik/Graphik-Regular-Web.woff2' is found, but is not used because the request credentials mode does not match. Consider taking a look at crossorigin attribute. @ https://www.forbes.com/30-under-30/2012/art-style:0
[    1025ms] [WARNING] A preload for 'https://i.forbesimg.com/assets/fonts/Schnyder/Schnyder-SDemi-Web.woff2' is found, but is not used because the request credentials mode does not match. Consider taking a look at crossorigin attribute. @ https://www.forbes.com/30-under-30/2012/art-style:0
[    1026ms] [WARNING] A preload for 'https://i.forbesimg.com/assets/fonts/Schnyder/Schnyder-SDemi-Web.woff2' is found, but is not used because the request credentials mode does not match. Consider taking a look at crossorigin attribute. @ https://www.forbes.com/30-under-30/2012/art-style:0
[    1026ms] [WARNING] A preload for 'https://i.forbesimg.com/assets/fonts/Graphik/Graphik-Regular-Web.woff2' is found, but is not used because the request credentials mode does not match. Consider taking a look at crossorigin attribute. @ https://www.forbes.com/30-under-30/2012/art-style:0
[    1026ms] [WARNING] A preload for 'https://i.forbesimg.com/assets/fonts/Graphik/Graphik-Regular-Web.woff2' is found, but is not used because the request credentials mode does not match. Consider taking a look at crossorigin attribute. @ https://www.forbes.com/30-under-30/2012/art-style:0
[    1026ms] [WARNING] A preload for 'https://i.forbesimg.com/assets/fonts/Schnyder/Schnyder-SDemi-Web.woff2' is found, but is not used because the request credentials mode does not match. Consider taking a look at crossorigin attribute. @ https://www.forbes.com/30-under-30/2012/art-style:0
[    1027ms] [WARNING] A preload for 'https://i.forbesimg.com/assets/fonts/Graphik/Graphik-Regular-Web.woff2' is found, but is not used because the request credentials mode does not match. Consider taking a look at crossorigin attribute. @ https://www.forbes.com/30-under-30/2012/art-style:0
[    1027ms] [WARNING] A preload for 'https://i.forbesimg.com/assets/fonts/Schnyder/Schnyder-SDemi-Web.woff2' is found, but is not used because the request credentials mode does not match. Consider taking a look at crossorigin attribute. @ https://www.forbes.com/30-under-30/2012/art-style:0
[    1037ms] [ERROR] Failed to load resource: net::ERR_CONNECTION_RESET @ https://pixel.adsafeprotected.com/services/pub?anId=930392&slot=%7Bid:top,ss:%5B728.90,970.66,970.250,970.90,7.1,7.2,1.1,1.1,20.20,20.21%5D,p:/7175/fdc.forbes/home/404,t:display%7D&wr=1200.755&sr=1512.982&sessionId=8ed22165-e316-d8fa-b310-4de425e376ca&url=https%253A%252F%252Fwww.forbes.com%252F30-under-30%252F2012%252Fart-style:0
[    1037ms] [ERROR] Failed to load resource: net::ERR_CONNECTION_RESET @ https://pixel.adsafeprotected.com/services/pub?anId=930392&slot=%7Bid:topx-1,ss:%5B728.90,970.66,970.250,970.90,1.1,1.1%5D,p:/7175/fdc.forbes/home/404,t:display%7D&wr=1200.755&sr=1512.982&sessionId=8ed22165-e316-d8fa-b310-4de425e376ca&url=https%253A%252F%252Fwww.forbes.com%252F30-under-30%252F2012%252Fart-style:0
[    1047ms] [ERROR] Failed to load resource: net::ERR_CONNECTION_RESET @ https://pixel.adsafeprotected.com/services/pub?anId=930392&slot=%7Bid:topx-2,ss:%5B728.90,970.66,970.250,970.90,1.1,1.1%5D,p:/7175/fdc.forbes/home/404,t:display%7D&wr=1200.755&sr=1512.982&sessionId=8ed22165-e316-d8fa-b310-4de425e376ca&url=https%253A%252F%252Fwww.forbes.com%252F30-under-30%252F2012%252Fart-style:0
[    1048ms] [ERROR] Failed to load resource: net::ERR_CONNECTION_RESET @ https://pixel.adsafeprotected.com/services/pub?anId=930392&slot=%7Bid:topx-3,ss:%5B728.90,970.66,970.250,970.90,1.1,1.1%5D,p:/7175/fdc.forbes/home/404,t:display%7D&wr=1200.755&sr=1512.982&sessionId=8ed22165-e316-d8fa-b310-4de425e376ca&url=https%253A%252F%252Fwww.forbes.com%252F30-under-30%252F2012%252Fart-style:0
[    1053ms] [WARNING] A preload for 'https://i.forbesimg.com/assets/fonts/Graphik/Graphik-Regular-Web.woff2' is found, but is not used because the request credentials mode does not match. Consider taking a look at crossorigin attribute. @ https://www.forbes.com/30-under-30/2012/art-style:0
[    1053ms] [WARNING] A preload for 'https://i.forbesimg.com/assets/fonts/Schnyder/Schnyder-SDemi-Web.woff2' is found, but is not used because the request credentials mode does not match. Consider taking a look at crossorigin attribute. @ https://www.forbes.com/30-under-30/2012/art-style:0
[    1053ms] [WARNING] A preload for 'https://i.forbesimg.com/assets/fonts/Schnyder/Schnyder-SDemi-Web.woff2' is found, but is not used because the request credentials mode does not match. Consider taking a look at crossorigin attribute. @ https://www.forbes.com/30-under-30/2012/art-style:0
[    1054ms] [WARNING] A preload for 'https://i.forbesimg.com/assets/fonts/Graphik/Graphik-Regular-Web.woff2' is found, but is not used because the request credentials mode does not match. Consider taking a look at crossorigin attribute. @ https://www.forbes.com/30-under-30/2012/art-style:0
[    1054ms] [WARNING] A preload for 'https://i.forbesimg.com/assets/fonts/Graphik/Graphik-Regular-Web.woff2' is found, but is not used because the request credentials mode does not match. Consider taking a look at crossorigin attribute. @ https://www.forbes.com/30-under-30/2012/art-style:0
[    1054ms] [WARNING] A preload for 'https://i.forbesimg.com/assets/fonts/Schnyder/Schnyder-SDemi-Web.woff2' is found, but is not used because the request credentials mode does not match. Consider taking a look at crossorigin attribute. @ https://www.forbes.com/30-under-30/2012/art-style:0
[    1054ms] [WARNING] A preload for 'https://i.forbesimg.com/assets/fonts/Graphik/Graphik-Regular-Web.woff2' is found, but is not used because the request credentials mode does not match. Consider taking a look at crossorigin attribute. @ https://www.forbes.com/30-under-30/2012/art-style:0
[    1054ms] [WARNING] A preload for 'https://i.forbesimg.com/assets/fonts/Schnyder/Schnyder-SDemi-Web.woff2' is found, but is not used because the request credentials mode does not match. Consider taking a look at crossorigin attribute. @ https://www.forbes.com/30-under-30/2012/art-style:0
[    1233ms] [ERROR] Failed to load resource: the server responded with a status of 401 () @ https://www.forbes.com/blaize/profile/savedArticles:0
[    1303ms] [ERROR] Failed to load resource: net::ERR_CONNECTION_RESET @ https://pixel.adsafeprotected.com/jload?anId=930392&campId=1x1&pubId=4725735549&chanId=23318919138&placementId=7010154652&pubCreative=138532512416&pubOrder=3783948656&cb=926151807&adsafe_par&impId=home-404:0
[    1330ms] [WARNING] A preload for 'https://i.forbesimg.com/assets/fonts/Graphik/Graphik-Regular-Web.woff2' is found, but is not used because the request credentials mode does not match. Consider taking a look at crossorigin attribute. @ https://www.forbes.com/30-under-30/2012/art-style:0
[    1330ms] [WARNING] A preload for 'https://i.forbesimg.com/assets/fonts/Schnyder/Schnyder-SDemi-Web.woff2' is found, but is not used because the request credentials mode does not match. Consider taking a look at crossorigin attribute. @ https://www.forbes.com/30-under-30/2012/art-style:0
[    1330ms] [WARNING] A preload for 'https://i.forbesimg.com/assets/fonts/Schnyder/Schnyder-SDemi-Web.woff2' is found, but is not used because the request credentials mode does not match. Consider taking a look at crossorigin attribute. @ https://www.forbes.com/30-under-30/2012/art-style:0
[    1330ms] [WARNING] A preload for 'https://i.forbesimg.com/assets/fonts/Graphik/Graphik-Regular-Web.woff2' is found, but is not used because the request credentials mode does not match. Consider taking a look at crossorigin attribute. @ https://www.forbes.com/30-under-30/2012/art-style:0
[    1330ms] [WARNING] A preload for 'https://i.forbesimg.com/assets/fonts/Graphik/Graphik-Regular-Web.woff2' is found, but is not used because the request credentials mode does not match. Consider taking a look at crossorigin attribute. @ https://www.forbes.com/30-under-30/2012/art-style:0
[    1331ms] [WARNING] A preload for 'https://i.forbesimg.com/assets/fonts/Schnyder/Schnyder-SDemi-Web.woff2' is found, but is not used because the request credentials mode does not match. Consider taking a look at crossorigin attribute. @ https://www.forbes.com/30-under-30/2012/art-style:0
[    1331ms] [WARNING] A preload for 'https://i.forbesimg.com/assets/fonts/Graphik/Graphik-Regular-Web.woff2' is found, but is not used because the request credentials mode does not match. Consider taking a look at crossorigin attribute. @ https://www.forbes.com/30-under-30/2012/art-style:0
[    1331ms] [WARNING] A preload for 'https://i.forbesimg.com/assets/fonts/Schnyder/Schnyder-SDemi-Web.woff2' is found, but is not used because the request credentials mode does not match. Consider taking a look at crossorigin attribute. @ https://www.forbes.com/30-under-30/2012/art-style:0
[    1338ms] [ERROR] Attestation check for Shared Storage on https://www.googleadservices.com failed. @ https://www.googleadservices.com/pagead/managed/js/activeview/current/reach_worklet.html:0
[    1353ms] [ERROR] Attestation check for Shared Storage on https://www.googleadservices.com failed. @ https://www.googleadservices.com/pagead/managed/js/activeview/current/reach_worklet.html:0
[    1358ms] [ERROR] Attestation check for Shared Storage on https://www.googleadservices.com failed. @ https://www.googleadservices.com/pagead/managed/js/activeview/current/reach_worklet.html:0
[    1476ms] [ERROR] Failed to load resource: net::ERR_CONNECTION_RESET @ https://pixel.quantserve.com/pixel/p-3bmCtEkzhulVU.gif?labels=_campaign.media.Advertiser%20ID.4725735549.Campaign%20ID.3783948656.Line%20Item%20ID.7010154652:0
[    1478ms] [ERROR] Permissions policy violation: unload is not allowed in this document. @ https://forbes.blueconic.net/plugin/library/aaa081976ef7ecb6a2a4abf483d0598b:21
[    1559ms] [ERROR] Attestation check for Attribution Reporting on https://ad.doubleclick.net failed. @ https://www.forbes.com/30-under-30/2012/art-style:0
[    1865ms] [WARNING] [.WebGL-0x12400446c00]GL Driver Message (OpenGL, Performance, GL_CLOSE_PATH_NV, High): GPU stall due to ReadPixels @ https://ep2.adtrafficquality.google/sodar/Klz6NWr5.html:0
[    2487ms] [ERROR] Attestation check for Attribution Reporting on https://ad.doubleclick.net failed. @ https://www.forbes.com/30-under-30/2012/art-style:0
[    2879ms] [ERROR] Failed to load resource: net::ERR_CONNECTION_RESET @ https://pixel.adsafeprotected.com/jsdiagnostic?code:pet_longreq&anid:930392&sessionId:8ed22165-e316-d8fa-b310-4de425e376ca&err:threshold%3A2000:0
[    2966ms] [ERROR] Failed to load resource: net::ERR_CONNECTION_RESET @ https://pixel.adsafeprotected.com/jsdiagnostic?code:pet_profile&anid:930392&sessionId:8ed22165-e316-d8fa-b310-4de425e376ca&err:responsetime%3Afalse%26probability%3A10:0
[    3618ms] [WARNING] [.WebGL-0x10c0045b000]GL Driver Message (OpenGL, Performance, GL_CLOSE_PATH_NV, High): GPU stall due to ReadPixels (this message will no longer repeat) @ https://www.forbes.com/30-under-30/2012/art-style:0
[    4573ms] [ERROR] Failed to load resource: the server responded with a status of 404 () @ https://www.forbes.com/c3650cdf-216a-4ba2-80b0-9d6c540b105e58d2670b-ea0f-484e-b88c-0e2c1499ec9bd71e4b42-8570-44e3-89b6-845326fa43b6/:0
[    6299ms] [WARNING] [.WebGL-0x12400446c00]GL Driver Message (OpenGL, Performance, GL_CLOSE_PATH_NV, High): GPU stall due to ReadPixels @ https://ep2.adtrafficquality.google/sodar/Klz6NWr5.html:0
[   10239ms] [WARNING] The resource https://i.forbesimg.com/assets/fonts/Schnyder/Schnyder-SDemi-Web.woff2 was preloaded using link preload but not used within a few seconds from the window's load event. Please make sure it has an appropriate `as` value and it is preloaded intentionally. @ https://www.forbes.com/30-under-30/2012/art-style:0
[   10239ms] [WARNING] The resource https://i.forbesimg.com/assets/fonts/Highlander/Highlander-Bold.woff2 was preloaded using link preload but not used within a few seconds from the window's load event. Please make sure it has an appropriate `as` value and it is preloaded intentionally. @ https://www.forbes.com/30-under-30/2012/art-style:0
[   10239ms] [WARNING] The resource https://i.forbesimg.com/assets/fonts/Graphik/Graphik-Regular-Web.woff2 was preloaded using link preload but not used within a few seconds from the window's load event. Please make sure it has an appropriate `as` value and it is preloaded intentionally. @ https://www.forbes.com/30-under-30/2012/art-style:0
[   16956ms] [ERROR] Failed to load resource: the server responded with a status of 404 () @ https://www.forbes.com/404-home/:0
