[     164ms] [ERROR] Failed to load resource: the server responded with a status of 404 () @ https://www.forbes.com/30-under-30/2013/art-style:0
[     180ms] [WARNING] A preload for 'https://i.forbesimg.com/assets/fonts/Schnyder/Schnyder-SDemi-Web.woff2' is found, but is not used because the request credentials mode does not match. Consider taking a look at crossorigin attribute. @ https://www.forbes.com/30-under-30/2013/art-style:50
[     181ms] [WARNING] A preload for 'https://i.forbesimg.com/assets/fonts/Graphik/Graphik-Regular-Web.woff2' is found, but is not used because the request credentials mode does not match. Consider taking a look at crossorigin attribute. @ https://www.forbes.com/30-under-30/2013/art-style:50
[     181ms] [WARNING] A preload for 'https://i.forbesimg.com/assets/fonts/Schnyder/Schnyder-SDemi-Web.woff2' is found, but is not used because the request credentials mode does not match. Consider taking a look at crossorigin attribute. @ https://www.forbes.com/30-under-30/2013/art-style:50
[     182ms] [WARNING] A preload for 'https://i.forbesimg.com/assets/fonts/Graphik/Graphik-Regular-Web.woff2' is found, but is not used because the request credentials mode does not match. Consider taking a look at crossorigin attribute. @ https://www.forbes.com/30-under-30/2013/art-style:50
[     182ms] [WARNING] A preload for 'https://i.forbesimg.com/assets/fonts/Schnyder/Schnyder-SDemi-Web.woff2' is found, but is not used because the request credentials mode does not match. Consider taking a look at crossorigin attribute. @ https://www.forbes.com/30-under-30/2013/art-style:50
[     182ms] [WARNING] A preload for 'https://i.forbesimg.com/assets/fonts/Graphik/Graphik-Regular-Web.woff2' is found, but is not used because the request credentials mode does not match. Consider taking a look at crossorigin attribute. @ https://www.forbes.com/30-under-30/2013/art-style:50
[     182ms] [WARNING] A preload for 'https://i.forbesimg.com/assets/fonts/Graphik/Graphik-Regular-Web.woff2' is found, but is not used because the request credentials mode does not match. Consider taking a look at crossorigin attribute. @ https://www.forbes.com/30-under-30/2013/art-style:50
[     182ms] [WARNING] A preload for 'https://i.forbesimg.com/assets/fonts/Schnyder/Schnyder-SDemi-Web.woff2' is found, but is not used because the request credentials mode does not match. Consider taking a look at crossorigin attribute. @ https://www.forbes.com/30-under-30/2013/art-style:50
[     298ms] [WARNING] integral script already loaded @ https://i.forbesimg.com/simple-site/dist/js/nextJS-5778f5ddba9ad94755d1.js:1
[     348ms] [ERROR] Failed to load resource: net::ERR_CONNECTION_RESET @ https://client.aps.amazon-adsystem.com/publisher.js:0
[     349ms] [ERROR] Failed to load resource: net::ERR_CONNECTION_RESET @ https://config.aps.amazon-adsystem.com/configs/3038:0
[     387ms] [ERROR] Failed to load resource: the server responded with a status of 401 () @ https://www.forbes.com/blaize/account:0
[     387ms] [ERROR] Failed to load resource: the server responded with a status of 401 () @ https://www.forbes.com/blaize/profile:0
[     407ms] [ERROR] Failed to load resource: net::ERR_CONNECTION_RESET @ https://static.ads-twitter.com/uwt.js:0
[     410ms] [WARNING] [GPT] Using deprecated googletag.encryptedSignalProviders. Please use googletag.secureSignalProviders instead.
https://goo.gle/gpt-message#155 @ https://securepubads.g.doubleclick.net/pagead/managed/js/gpt/m202601290101/pubads_impl.js:18
[     411ms] [ERROR] Failed to load resource: net::ERR_CONNECTION_RESET @ https://pixel.quantserve.com/cs?a=p-3bmCtEkzhulVU&gdpr=0:0
[     475ms] [ERROR] Failed to load resource: net::ERR_CONNECTION_RESET @ https://pixel.quantserve.com/pixel;r=1776047131;event=refresh;labels=Channel.%2CSection.%2CSpecialslot.%2CEditslot.%2CBrandvoice%20ProgramType.%2CHashtag.%2CBrandvoice.%2CAuthor..404%2CInsights.%2CDevice%20Type.DESKTOP%2CBranded%20Content.;rf=3;a=p-3bmCtEkzhulVU;url=https%3A%2F%2Fwww.forbes.com%2F30-under-30%2F2013%2Fart-style;ns=0;ce=1;qjs=1;qv=79451a68-20251229185922;ref=;dst=1;et=1770173730671;tzo=480;ogl=site_name.Forbes%2Ctitle.404%2Ctype.website%2Curl.https%3A%2F%2Fwww%252Eforbes%252Ecom%2F404-home%2F%2Cimage.%2Cimage%3Atype.image%2Fjpeg%2Cdescription.;d=forbes.com;uht=2;fpan=0;fpa=P1-ce46733f-1a9f-42ca-96fe-75daafdb3888;pbc=;_ses=76cd4eb9-00eb-4cb1-8c57-744b0620962d;_seg=1;_gacid=1045065466.1770059586;gdpr=0;mdl=:0
[     476ms] [ERROR] Failed to load resource: net::ERR_CONNECTION_RESET @ https://pixel.quantserve.com/pixel;r=742075972;event=rule;labels=Title.404;rf=0;a=p-3bmCtEkzhulVU;url=https%3A%2F%2Fwww.forbes.com%2F30-under-30%2F2013%2Fart-style;ns=0;ce=1;qjs=1;qv=79451a68-20251229185922;ref=;dst=1;et=1770173730722;tzo=480;ogl=site_name.Forbes%2Ctitle.404%2Ctype.website%2Curl.https%3A%2F%2Fwww%252Eforbes%252Ecom%2F404-home%2F%2Cimage.%2Cimage%3Atype.image%2Fjpeg%2Cdescription.;d=forbes.com;uht=2;fpan=0;fpa=P1-ce46733f-1a9f-42ca-96fe-75daafdb3888;pbc=;_ses=76cd4eb9-00eb-4cb1-8c57-744b0620962d;_seg=1;_gacid=1045065466.1770059586;gdpr=0;mdl=:0
[     476ms] [WARNING] A preload for 'https://i.forbesimg.com/assets/fonts/Graphik/Graphik-Regular-Web.woff2' is found, but is not used because the request credentials mode does not match. Consider taking a look at crossorigin attribute. @ https://www.forbes.com/30-under-30/2013/art-style:0
[     476ms] [WARNING] A preload for 'https://i.forbesimg.com/assets/fonts/Schnyder/Schnyder-SDemi-Web.woff2' is found, but is not used because the request credentials mode does not match. Consider taking a look at crossorigin attribute. @ https://www.forbes.com/30-under-30/2013/art-style:0
[     477ms] [WARNING] A preload for 'https://i.forbesimg.com/assets/fonts/Schnyder/Schnyder-SDemi-Web.woff2' is found, but is not used because the request credentials mode does not match. Consider taking a look at crossorigin attribute. @ https://www.forbes.com/30-under-30/2013/art-style:0
[     477ms] [WARNING] A preload for 'https://i.forbesimg.com/assets/fonts/Graphik/Graphik-Regular-Web.woff2' is found, but is not used because the request credentials mode does not match. Consider taking a look at crossorigin attribute. @ https://www.forbes.com/30-under-30/2013/art-style:0
[     477ms] [WARNING] A preload for 'https://i.forbesimg.com/assets/fonts/Graphik/Graphik-Regular-Web.woff2' is found, but is not used because the request credentials mode does not match. Consider taking a look at crossorigin attribute. @ https://www.forbes.com/30-under-30/2013/art-style:0
[     477ms] [WARNING] A preload for 'https://i.forbesimg.com/assets/fonts/Schnyder/Schnyder-SDemi-Web.woff2' is found, but is not used because the request credentials mode does not match. Consider taking a look at crossorigin attribute. @ https://www.forbes.com/30-under-30/2013/art-style:0
[     477ms] [WARNING] A preload for 'https://i.forbesimg.com/assets/fonts/Graphik/Graphik-Regular-Web.woff2' is found, but is not used because the request credentials mode does not match. Consider taking a look at crossorigin attribute. @ https://www.forbes.com/30-under-30/2013/art-style:0
[     477ms] [WARNING] A preload for 'https://i.forbesimg.com/assets/fonts/Schnyder/Schnyder-SDemi-Web.woff2' is found, but is not used because the request credentials mode does not match. Consider taking a look at crossorigin attribute. @ https://www.forbes.com/30-under-30/2013/art-style:0
[     487ms] [ERROR] Failed to load resource: net::ERR_CONNECTION_RESET @ https://pixel.adsafeprotected.com/services/pub?anId=930392&slot=%7Bid:ntv-home,ss:%5B1.1%5D,p:/7175/fdc.forbes/home/404,t:display%7D&wr=1200.755&sr=1512.982&sessionId=bd92d19b-6e0b-8845-f2a8-356320f928f0&url=https%253A%252F%252Fwww.forbes.com%252F30-under-30%252F2013%252Fart-style:0
[     509ms] [ERROR] Attestation check for Attribution Reporting on https://www.facebook.com failed. @ https://www.forbes.com/30-under-30/2013/art-style:0
[     509ms] [ERROR] Attestation check for Attribution Reporting on https://www.facebook.com failed. @ https://www.forbes.com/30-under-30/2013/art-style:0
[     528ms] [WARNING] A preload for 'https://i.forbesimg.com/assets/fonts/Graphik/Graphik-Regular-Web.woff2' is found, but is not used because the request credentials mode does not match. Consider taking a look at crossorigin attribute. @ https://www.gstatic.com/recaptcha/releases/gYdqkxiddE5aXrugNbBbKgtN/recaptcha__en.js:797
[     528ms] [WARNING] A preload for 'https://i.forbesimg.com/assets/fonts/Schnyder/Schnyder-SDemi-Web.woff2' is found, but is not used because the request credentials mode does not match. Consider taking a look at crossorigin attribute. @ https://www.gstatic.com/recaptcha/releases/gYdqkxiddE5aXrugNbBbKgtN/recaptcha__en.js:797
[     528ms] [WARNING] A preload for 'https://i.forbesimg.com/assets/fonts/Schnyder/Schnyder-SDemi-Web.woff2' is found, but is not used because the request credentials mode does not match. Consider taking a look at crossorigin attribute. @ https://www.gstatic.com/recaptcha/releases/gYdqkxiddE5aXrugNbBbKgtN/recaptcha__en.js:797
[     528ms] [WARNING] A preload for 'https://i.forbesimg.com/assets/fonts/Graphik/Graphik-Regular-Web.woff2' is found, but is not used because the request credentials mode does not match. Consider taking a look at crossorigin attribute. @ https://www.gstatic.com/recaptcha/releases/gYdqkxiddE5aXrugNbBbKgtN/recaptcha__en.js:797
[     529ms] [WARNING] A preload for 'https://i.forbesimg.com/assets/fonts/Graphik/Graphik-Regular-Web.woff2' is found, but is not used because the request credentials mode does not match. Consider taking a look at crossorigin attribute. @ https://www.gstatic.com/recaptcha/releases/gYdqkxiddE5aXrugNbBbKgtN/recaptcha__en.js:797
[     529ms] [WARNING] A preload for 'https://i.forbesimg.com/assets/fonts/Schnyder/Schnyder-SDemi-Web.woff2' is found, but is not used because the request credentials mode does not match. Consider taking a look at crossorigin attribute. @ https://www.gstatic.com/recaptcha/releases/gYdqkxiddE5aXrugNbBbKgtN/recaptcha__en.js:797
[     529ms] [WARNING] A preload for 'https://i.forbesimg.com/assets/fonts/Graphik/Graphik-Regular-Web.woff2' is found, but is not used because the request credentials mode does not match. Consider taking a look at crossorigin attribute. @ https://www.gstatic.com/recaptcha/releases/gYdqkxiddE5aXrugNbBbKgtN/recaptcha__en.js:797
[     529ms] [WARNING] A preload for 'https://i.forbesimg.com/assets/fonts/Schnyder/Schnyder-SDemi-Web.woff2' is found, but is not used because the request credentials mode does not match. Consider taking a look at crossorigin attribute. @ https://www.gstatic.com/recaptcha/releases/gYdqkxiddE5aXrugNbBbKgtN/recaptcha__en.js:797
[     555ms] [ERROR] Failed to load resource: net::ERR_CONNECTION_RESET @ https://pixel.adsafeprotected.com/services/pub?anId=930392&slot=%7Bid:top,ss:%5B728.90,970.66,970.250,970.90,7.1,7.2,1.1,1.1,20.20,20.21%5D,p:/7175/fdc.forbes/home/404,t:display%7D&wr=1200.755&sr=1512.982&sessionId=bd92d19b-6e0b-8845-f2a8-356320f928f0&url=https%253A%252F%252Fwww.forbes.com%252F30-under-30%252F2013%252Fart-style:0
[     555ms] [ERROR] Failed to load resource: net::ERR_CONNECTION_RESET @ https://pixel.adsafeprotected.com/services/pub?anId=930392&slot=%7Bid:topx-1,ss:%5B728.90,970.66,970.250,970.90,1.1,1.1%5D,p:/7175/fdc.forbes/home/404,t:display%7D&wr=1200.755&sr=1512.982&sessionId=bd92d19b-6e0b-8845-f2a8-356320f928f0&url=https%253A%252F%252Fwww.forbes.com%252F30-under-30%252F2013%252Fart-style:0
[     558ms] [ERROR] Failed to load resource: net::ERR_CONNECTION_RESET @ https://pixel.adsafeprotected.com/services/pub?anId=930392&slot=%7Bid:topx-2,ss:%5B728.90,970.66,970.250,970.90,1.1,1.1%5D,p:/7175/fdc.forbes/home/404,t:display%7D&wr=1200.755&sr=1512.982&sessionId=bd92d19b-6e0b-8845-f2a8-356320f928f0&url=https%253A%252F%252Fwww.forbes.com%252F30-under-30%252F2013%252Fart-style:0
[     558ms] [ERROR] Failed to load resource: net::ERR_CONNECTION_RESET @ https://pixel.adsafeprotected.com/services/pub?anId=930392&slot=%7Bid:topx-3,ss:%5B728.90,970.66,970.250,970.90,1.1,1.1%5D,p:/7175/fdc.forbes/home/404,t:display%7D&wr=1200.755&sr=1512.982&sessionId=bd92d19b-6e0b-8845-f2a8-356320f928f0&url=https%253A%252F%252Fwww.forbes.com%252F30-under-30%252F2013%252Fart-style:0
[     619ms] [ERROR] Failed to load resource: net::ERR_CONNECTION_RESET @ https://pixel.adsafeprotected.com/jsdiagnostic?code:pet_xe&anid:930392&sessionId:bd92d19b-6e0b-8845-f2a8-356320f928f0&err:undefined:0
[     637ms] [ERROR] Failed to load resource: the server responded with a status of 401 () @ https://www.forbes.com/blaize/profile/savedArticles:0
[     638ms] [ERROR] Permissions policy violation: unload is not allowed in this document. @ https://forbes.blueconic.net/plugin/library/aaa081976ef7ecb6a2a4abf483d0598b:21
[     638ms] [ERROR] Failed to load resource: the server responded with a status of 404 () @ https://www.forbes.com/c3650cdf-216a-4ba2-80b0-9d6c540b105e58d2670b-ea0f-484e-b88c-0e2c1499ec9bd71e4b42-8570-44e3-89b6-845326fa43b6/:0
[     639ms] [ERROR] Failed to load resource: net::ERR_CONNECTION_RESET @ https://pixel.quantserve.com/pixel/p-3bmCtEkzhulVU.gif?labels=_campaign.media.Advertiser%20ID.4725735549.Campaign%20ID.3783948656.Line%20Item%20ID.7010154652:0
[     646ms] [ERROR] Attestation check for Shared Storage on https://www.googleadservices.com failed. @ https://www.googleadservices.com/pagead/managed/js/activeview/current/reach_worklet.html:0
[     677ms] [ERROR] Failed to load resource: net::ERR_CONNECTION_RESET @ https://pixel.adsafeprotected.com/jload?anId=930392&campId=1x1&pubId=4725735549&chanId=23318919138&placementId=7010154652&pubCreative=138532512416&pubOrder=3783948656&cb=1791252773&adsafe_par&impId=home-404:0
[     816ms] [ERROR] Failed to load resource: net::ERR_CONNECTION_RESET @ https://direct.adsrvr.org/bid/bidder/forbes:0
[    1178ms] [ERROR] Failed to load resource: the server responded with a status of 404 () @ https://www.forbes.com/404-home/:0
[    1724ms] [WARNING] This ad's html cannot be accessed using the getHtml method on googletag.Slot. Returning the empty string instead. @ https://securepubads.g.doubleclick.net/pagead/managed/js/gpt/m202601290101/pubads_impl.js:18
[    1951ms] [ERROR] Attestation check for Shared Storage on https://www.googleadservices.com failed. @ https://www.googleadservices.com/pagead/managed/js/activeview/current/reach_worklet.html:0
[    1955ms] [ERROR] Attestation check for Shared Storage on https://www.googleadservices.com failed. @ https://www.googleadservices.com/pagead/managed/js/activeview/current/reach_worklet.html:0
[    2481ms] [ERROR] Failed to load resource: net::ERR_CONNECTION_RESET @ https://pixel.adsafeprotected.com/jsdiagnostic?code:pet_longreq&anid:930392&sessionId:bd92d19b-6e0b-8845-f2a8-356320f928f0&err:threshold%3A2000:0
[    2492ms] [ERROR] Permissions policy violation: unload is not allowed in this document. @ https://s0.2mdn.net/ads/studio/Enabler.js:157
[    2492ms] [ERROR] Permissions policy violation: unload is not allowed in this document. @ https://statics.creativecdn.com/IFqyRJTEmelQKEWnEs9fVOjqqUdtqg7X/970x250/html/index.html?domain=phx.creativecdn.com:140
[    4432ms] [ERROR] Failed to load resource: net::ERR_CONNECTION_RESET @ https://match.adsrvr.org/track/usersync?us_privacy=&gdpr=0&gdpr_consent=undefined&ust=image:0
[    4722ms] [ERROR] Failed to load resource: net::ERR_CONNECTION_RESET @ https://ups.analytics.yahoo.com/ups/58930/cms?gdpr=0&gdpr_consent=&us_privacy=&gpp=&gpp_sid=:0
[    4723ms] [ERROR] Failed to load resource: net::ERR_CONNECTION_RESET @ https://bh.contextweb.com/bh/rtset?pid=562001&ev=1&rurl=https%3A%2F%2Fcrb.kargo.com%2Fapi%2Fv1%2Fsync%2FPulsePoint%2Fb6d4dc7c-494d-364f-17ed-ab5d58ab245b%3Frid%3Ddea8eff4-eb64-45ca-b043-52f70a119007%26gdpr%3D0%26gdpr_consent%3D%26us_privacy%3D%26gpp%3D%26gpp_sid%3D%26exid%3D%25%25VGUID%25%25:0
[    4763ms] [ERROR] Failed to load resource: net::ERR_CONNECTION_RESET @ https://match.adsrvr.org/track/cmf/generic?ttd_pid=3wvez9v&ttd_tpi=1&ttd_puid=dea8eff4-eb64-45ca-b043-52f70a119007_b6d4dc7c-494d-364f-17ed-ab5d58ab245b&gdpr=0&gdpr_consent=:0
[    4784ms] [ERROR] Failed to load resource: net::ERR_CONNECTION_RESET @ https://x.bidswitch.net/sync?ssp=kargo&redir_url=dea8eff4-eb64-45ca-b043-52f70a119007_b6d4dc7c-494d-364f-17ed-ab5d58ab245b&&expires=365:0
[    4837ms] [ERROR] Failed to load resource: net::ERR_CONNECTION_RESET @ https://s.amazon-adsystem.com/ecm3?id=b6d4dc7c-494d-364f-17ed-ab5d58ab245b&ex=kargo.com&gdpr=0&gdpr_consent=&us_privacy=:0
[    8865ms] [WARNING] The resource https://i.forbesimg.com/assets/fonts/Schnyder/Schnyder-SDemi-Web.woff2 was preloaded using link preload but not used within a few seconds from the window's load event. Please make sure it has an appropriate `as` value and it is preloaded intentionally. @ https://www.forbes.com/30-under-30/2013/art-style:0
[    8865ms] [WARNING] The resource https://i.forbesimg.com/assets/fonts/Graphik/Graphik-Regular-Web.woff2 was preloaded using link preload but not used within a few seconds from the window's load event. Please make sure it has an appropriate `as` value and it is preloaded intentionally. @ https://www.forbes.com/30-under-30/2013/art-style:0
[    8865ms] [WARNING] The resource https://i.forbesimg.com/assets/fonts/Highlander/Highlander-Bold.woff2 was preloaded using link preload but not used within a few seconds from the window's load event. Please make sure it has an appropriate `as` value and it is preloaded intentionally. @ https://www.forbes.com/30-under-30/2013/art-style:0
[   12759ms] [WARNING] The resource https://i.forbesimg.com/assets/fonts/Schnyder/Schnyder-SDemi-Web.woff2 was preloaded using link preload but not used within a few seconds from the window's load event. Please make sure it has an appropriate `as` value and it is preloaded intentionally. @ https://www.forbes.com/30-under-30/2013/art-style:0
[   12759ms] [WARNING] The resource https://i.forbesimg.com/assets/fonts/Graphik/Graphik-Regular-Web.woff2 was preloaded using link preload but not used within a few seconds from the window's load event. Please make sure it has an appropriate `as` value and it is preloaded intentionally. @ https://www.forbes.com/30-under-30/2013/art-style:0
[   12759ms] [WARNING] The resource https://i.forbesimg.com/assets/fonts/Highlander/Highlander-Bold.woff2 was preloaded using link preload but not used within a few seconds from the window's load event. Please make sure it has an appropriate `as` value and it is preloaded intentionally. @ https://www.forbes.com/30-under-30/2013/art-style:0
[   19009ms] [WARNING] The resource https://i.forbesimg.com/assets/fonts/Schnyder/Schnyder-SDemi-Web.woff2 was preloaded using link preload but not used within a few seconds from the window's load event. Please make sure it has an appropriate `as` value and it is preloaded intentionally. @ https://www.forbes.com/30-under-30/2013/art-style:0
[   19010ms] [WARNING] The resource https://i.forbesimg.com/assets/fonts/Graphik/Graphik-Regular-Web.woff2 was preloaded using link preload but not used within a few seconds from the window's load event. Please make sure it has an appropriate `as` value and it is preloaded intentionally. @ https://www.forbes.com/30-under-30/2013/art-style:0
[   19010ms] [WARNING] The resource https://i.forbesimg.com/assets/fonts/Highlander/Highlander-Bold.woff2 was preloaded using link preload but not used within a few seconds from the window's load event. Please make sure it has an appropriate `as` value and it is preloaded intentionally. @ https://www.forbes.com/30-under-30/2013/art-style:0
[   24136ms] [WARNING] The resource https://i.forbesimg.com/assets/fonts/Schnyder/Schnyder-SDemi-Web.woff2 was preloaded using link preload but not used within a few seconds from the window's load event. Please make sure it has an appropriate `as` value and it is preloaded intentionally. @ https://www.forbes.com/30-under-30/2013/art-style:0
[   24136ms] [WARNING] The resource https://i.forbesimg.com/assets/fonts/Graphik/Graphik-Regular-Web.woff2 was preloaded using link preload but not used within a few seconds from the window's load event. Please make sure it has an appropriate `as` value and it is preloaded intentionally. @ https://www.forbes.com/30-under-30/2013/art-style:0
[   24136ms] [WARNING] The resource https://i.forbesimg.com/assets/fonts/Highlander/Highlander-Bold.woff2 was preloaded using link preload but not used within a few seconds from the window's load event. Please make sure it has an appropriate `as` value and it is preloaded intentionally. @ https://www.forbes.com/30-under-30/2013/art-style:0
[   33953ms] [WARNING] The resource https://i.forbesimg.com/assets/fonts/Schnyder/Schnyder-SDemi-Web.woff2 was preloaded using link preload but not used within a few seconds from the window's load event. Please make sure it has an appropriate `as` value and it is preloaded intentionally. @ https://www.forbes.com/30-under-30/2013/art-style:0
[   33954ms] [WARNING] The resource https://i.forbesimg.com/assets/fonts/Graphik/Graphik-Regular-Web.woff2 was preloaded using link preload but not used within a few seconds from the window's load event. Please make sure it has an appropriate `as` value and it is preloaded intentionally. @ https://www.forbes.com/30-under-30/2013/art-style:0
[   33954ms] [WARNING] The resource https://i.forbesimg.com/assets/fonts/Highlander/Highlander-Bold.woff2 was preloaded using link preload but not used within a few seconds from the window's load event. Please make sure it has an appropriate `as` value and it is preloaded intentionally. @ https://www.forbes.com/30-under-30/2013/art-style:0
[   63843ms] [WARNING] The resource https://i.forbesimg.com/assets/fonts/Schnyder/Schnyder-SDemi-Web.woff2 was preloaded using link preload but not used within a few seconds from the window's load event. Please make sure it has an appropriate `as` value and it is preloaded intentionally. @ https://www.forbes.com/30-under-30/2013/art-style:0
[   63843ms] [WARNING] The resource https://i.forbesimg.com/assets/fonts/Graphik/Graphik-Regular-Web.woff2 was preloaded using link preload but not used within a few seconds from the window's load event. Please make sure it has an appropriate `as` value and it is preloaded intentionally. @ https://www.forbes.com/30-under-30/2013/art-style:0
[   63843ms] [WARNING] The resource https://i.forbesimg.com/assets/fonts/Highlander/Highlander-Bold.woff2 was preloaded using link preload but not used within a few seconds from the window's load event. Please make sure it has an appropriate `as` value and it is preloaded intentionally. @ https://www.forbes.com/30-under-30/2013/art-style:0
